{
  "issue_number": "121",
  "issue_url": "https://github.com/tielec/ai-workflow-agent/issues/121",
  "issue_title": "Issue #121",
  "repository": "tielec/ai-workflow-agent",
  "target_repository": {
    "path": "/tmp/jenkins-37a3dd52/workspace/AI_Workflow/ai_workflow_orchestrator_develop",
    "github_name": "tielec/ai-workflow-agent",
    "remote_url": "https://github.com/tielec/ai-workflow-agent.git",
    "owner": "tielec",
    "repo": "ai-workflow-agent"
  },
  "workflow_version": "1.0.0",
  "current_phase": "testing",
  "design_decisions": {
    "implementation_strategy": "CREATE",
    "test_strategy": "UNIT_INTEGRATION",
    "test_code_strategy": "CREATE_TEST"
  },
  "cost_tracking": {
    "total_input_tokens": 15954,
    "total_output_tokens": 396450,
    "total_cost_usd": 34.0931398
  },
  "phases": {
    "planning": {
      "status": "completed",
      "retry_count": 0,
      "started_at": "2025-11-03T12:12:42.250Z",
      "completed_at": "2025-11-03T12:18:05.819Z",
      "review_result": null,
      "current_step": null,
      "completed_steps": [
        "execute",
        "review"
      ]
    },
    "requirements": {
      "status": "completed",
      "retry_count": 0,
      "started_at": "2025-11-03T12:18:06.539Z",
      "completed_at": "2025-11-03T12:22:55.537Z",
      "review_result": null,
      "current_step": null,
      "completed_steps": [
        "execute",
        "review"
      ]
    },
    "design": {
      "status": "completed",
      "retry_count": 0,
      "started_at": "2025-11-03T12:22:56.086Z",
      "completed_at": "2025-11-03T12:30:05.613Z",
      "review_result": null,
      "current_step": null,
      "completed_steps": [
        "execute",
        "review"
      ]
    },
    "test_scenario": {
      "status": "completed",
      "retry_count": 0,
      "started_at": "2025-11-03T12:30:06.302Z",
      "completed_at": "2025-11-03T12:36:03.062Z",
      "review_result": null,
      "current_step": null,
      "completed_steps": [
        "execute",
        "review"
      ]
    },
    "implementation": {
      "status": "completed",
      "retry_count": 0,
      "started_at": "2025-11-03T12:36:03.740Z",
      "completed_at": "2025-11-15T13:27:05.880Z",
      "review_result": null,
      "current_step": "revise",
      "completed_steps": [
        "execute",
        "review",
        "revise"
      ],
      "rollback_context": {
        "triggered_at": "2025-11-15T13:25:37.158Z",
        "from_phase": null,
        "from_step": null,
        "reason": "# Evaluation Report - Issue #121\n\n**Issue Number**: #121\n**Title**: AIエージェントによる自動Issue作成機能の実装\n**Evaluation Date**: 2025-01-30\n**Evaluator**: AI Workflow Agent (Claude)\n\n---\n\n## Executive Summary\n\nIssue #121 implements an `auto-issue` command that automatically analyzes repository code to detect potential bugs and creates GitHub Issues. The **implementation code is high quality** with 14/14 RepositoryAnalyzer tests passing, demonstrating correct bug detection logic, proper error handling, and clean architecture. However, **72% of test cases (36/50) are unexecutable** due to API inconsistency between test code and implementation code. The test implementation (Phase 5) must be corrected before this project can be merged.\n\n**Recommendation**: **FAIL_PHASE_5** - Rollback to test implementation phase to fix API mismatch in test code.\n\n---\n\n## Criterion Evaluation\n\n### 1. Requirements Completeness ✅\n\n**Status**: SATISFACTORY\n\n**Assessment**:\n- All functional requirements FR-001 through FR-007 from Phase 1 are addressed\n- Phase 1 (MVP) scope is clearly defined: bug detection only (3 patterns)\n- Phase 2/3 (refactoring, enhancement) are properly scoped as future work\n- No critical requirements are missing or incomplete\n\n**Evidence**:\n- Requirements document (lines 64-345) defines comprehensive functional requirements\n- Implementation log confirms all Phase 1 features implemented (lines 656-683)\n- Design document (lines 151-165) explicitly acknowledges CREATE strategy for new functionality\n\n**Issues**: None\n\n---\n\n### 2. Design Quality ⚠️\n\n**Status**: MOSTLY SATISFACTORY with minor issues\n\n**Strengths**:\n1. **Clear Architecture**: 3-engine design (RepositoryAnalyzer, IssueDeduplicator, IssueGenerator) with well-defined responsibilities\n2. **Justified Strategy**: CREATE strategy appropriately chosen for independent new functionality\n3. **Type Safety**: Comprehensive type definitions in types.ts (+70 lines)\n4. **Pattern Adherence**: Proper facade pattern for GitHubClient integration\n\n**Issues Identified**:\n\n**Issue 2.1: Implementation Log Inconsistency (CRITICAL - now fixed)**\n- **Severity**: Critical (caused 36 test failures)\n- **Description**: Implementation log Section 6 originally titled \"IssueClient の拡張\" but actual implementation added facade methods to GitHubClient, not IssueClient\n- **Impact**: Test implementer (Phase 5) followed implementation log and expected `getIssueClient()` method that doesn't exist\n- **Status**: Fixed in implementation.md revision (lines 886-904)\n- **Evidence**:\n  - Test result document lines 218-233 identify API mismatch\n  - Implementation log lines 334-377 show actual facade pattern implementation\n\n**Issue 2.2: Design-Implementation Ambiguity**\n- **Severity**: Medium\n- **Description**: Design document doesn't explicitly specify whether `getIssueClient()` should exist on GitHubClient or if facade methods should be added directly\n- **Impact**: Ambiguity allowed implementation log inconsistency to propagate through Phase 5\n- **Evidence**: Design document lines 224-228 mention adding methods but don't clarify facade vs. delegation pattern\n\n**Overall Assessment**: Design is fundamentally sound, but documentation inconsistency caused downstream test implementation failures.\n\n---\n\n### 3. Test Coverage ❌\n\n**Status**: INADEQUATE\n\n**Coverage Statistics**:\n- **Unit Tests Written**: 45 test cases\n- **Integration Tests Written**: 5 test cases\n- **Total Tests**: 50 test cases\n- **Passing Tests**: 14 (28.0%)\n- **Failing Tests**: 0\n- **Not Executable**: 36 (72.0%)\n\n**Detailed Breakdown**:\n\n| Component | Total Tests | Passing | Not Executable | Coverage % |\n|-----------|------------|---------|----------------|------------|\n| RepositoryAnalyzer | 14 | 14 | 0 | 100% ✅ |\n| IssueDeduplicator | 12 | 0 | 12 | 0% ❌ |\n| IssueGenerator | 8 | 0 | 8 | 0% ❌ |\n| AutoIssueCommandHandler | 11 | 0 | 11 | 0% ❌ |\n| Integration Tests | 5 | 0 | 5 | 0% ❌ |\n\n**Critical Issues**:\n\n**Issue 3.1: 36 Test Cases Unexecutable (72% of total)**\n- **Severity**: CRITICAL\n- **Root Cause**: API inconsistency between test code and implementation\n  - Test code expects: `mockGitHubClient.getIssueClient().listAllIssues()`\n  - Implementation provides: `mockGitHubClient.listAllIssues()`\n- **Impact**: Cannot verify functionality of 3 out of 4 core components\n- **Evidence**:\n  - Test result document lines 72-122 show only RepositoryAnalyzer tests passed\n  - Test result document lines 214-233 explain API mismatch\n  - Report document lines 366-376 confirm 28.0% success rate\n\n**Issue 3.2: Zero Verification for Critical Components**\n- **Severity**: CRITICAL\n- **Affected Components**:\n  - IssueDeduplicator: 0% verified (2-stage deduplication algorithm unverified)\n  - IssueGenerator: 0% verified (AI generation, SecretMasker integration unverified)\n  - CLI Handler: 0% verified (option validation, dry-run mode unverified)\n  - Integration: 0% verified (end-to-end flow unverified)\n- **Impact**: Quality assurance is incomplete; regression bugs cannot be detected\n\n**Issue 3.3: Test Strategy Violation**\n- **Severity**: HIGH\n- **Description**: Phase 2 design specified UNIT_INTEGRATION strategy with 85% coverage goal, but only 28% of tests execute\n- **Evidence**: Design document lines 170-189 define test strategy\n\n**Overall Assessment**: Test coverage is critically inadequate due to unexecutable tests, not lack of test cases.\n\n---\n\n### 4. Implementation Quality ✅\n\n**Status**: HIGH QUALITY (for completed Phase 1 code)\n\n**Strengths**:\n\n1. **Type Safety**:\n   - TypeScript strict mode compliance\n   - No use of `any` type in implementation code\n   - Comprehensive type definitions\n\n2. **Error Handling**:\n   - All async functions wrapped in try-catch blocks\n   - Proper error propagation and logging\n   - Fallback mechanisms (e.g., template-based Issue generation when LLM fails)\n\n3. **Architecture**:\n   - Clean separation of concerns (3 independent engines)\n   - Facade pattern correctly applied to GitHubClient\n   - Proper reuse of existing patterns (Config, Logger, SecretMasker)\n\n4. **Code Quality**:\n   - Comprehensive JSDoc comments on all public methods\n   - Consistent code style following existing patterns\n   - No obvious bugs or anti-patterns\n\n5. **Test-Verified Functionality**:\n   - RepositoryAnalyzer: 14/14 tests passing (100% verification)\n   - Bug detection patterns working correctly:\n     - Error handling detection (async without try-catch)\n     - Type safety issues (any type usage)\n     - Resource leaks (unclosed streams)\n   - Edge cases handled (empty projects, no issues detected)\n\n**Evidence**:\n- Implementation log lines 588-654 confirm all 5 quality gates passed\n- Test result document lines 42-68 show RepositoryAnalyzer tests passing\n- Test result document lines 380-390 confirm implementation quality\n\n**Minor Issues (all fixed during Phase 6)**:\n- `ArrowFunction.getName()` type error (fixed in repository-analyzer.ts)\n- Dependency version mismatch (`cosine-similarity` ^1.1.0 → ^1.0.1)\n- Missing GitHubClient facade methods (added during Phase 6)\n\n**Overall Assessment**: Implementation code is production-ready quality.\n\n---\n\n### 5. Test Implementation Quality ❌\n\n**Status**: CRITICAL ISSUES\n\n**Problems**:\n\n**Issue 5.1: API Mismatch (66.7% of tests affected)**\n- **Severity**: CRITICAL\n- **Description**: Test code expects `mockGitHubClient.getIssueClient()` method that doesn't exist in actual implementation\n- **Affected Files**:\n  - `tests/unit/core/issue-deduplicator.test.ts` (5 locations)\n  - `tests/unit/core/issue-generator.test.ts` (9 locations)\n  - `tests/unit/commands/auto-issue.test.ts` (multiple locations)\n  - `tests/integration/auto-issue-flow.test.ts` (multiple locations)\n- **Root Cause**: Test implementer relied on implementation log (Phase 4) without verifying actual source code\n- **Evidence**: Test result document lines 218-233, 250-265\n\n**Issue 5.2: No Compilation Verification**\n- **Severity**: HIGH\n- **Description**: Phase 5 did not run TypeScript compiler to verify test code compiles\n- **Impact**: 36 compilation errors went undetected until Phase 6 test execution\n- **Process Violation**: Phase 5 quality gate states \"テストコードが実行可能である\" but this was not verified\n\n**Issue 5.3: Insufficient Code Review**\n- **Severity**: MEDIUM\n- **Description**: Test implementation did not examine actual implementation files:\n  - `src/core/github-client.ts` - to verify API structure\n  - `src/core/issue-deduplicator.ts` - to verify how GitHubClient is called\n  - `src/core/issue-generator.ts` - to verify how GitHubClient is called\n- **Impact**: API expectations in tests don't match reality\n\n**Issue 5.4: Phase 5 Review Not Comprehensive**\n- **Severity**: MEDIUM\n- **Description**: Phase 5 review identified some issues (Jest matcher, GitHubClient mock) but didn't catch fundamental API mismatch\n- **Evidence**: Test implementation log lines 156-231 show partial fixes\n\n**Strengths**:\n- Test structure is correct (Given-When-Then comments, clear test case names)\n- Test coverage plan is comprehensive (50 test cases for all components)\n- RepositoryAnalyzer tests work perfectly (14/14 passing) when correctly implemented\n\n**Overall Assessment**: Test code is structurally sound but has critical implementation errors preventing execution.\n\n---\n\n### 6. Documentation Quality ✅\n\n**Status**: EXCELLENT\n\n**Comprehensive Updates**:\n\n1. **README.md** (✅ Already complete)\n   - Lines 638-735 contain comprehensive auto-issue documentation (98 lines)\n   - Usage examples, options, execution examples, environment variables all documented\n   - Phase 1 limitations clearly stated\n   - No update needed\n\n2. **CHANGELOG.md** (✅ Already complete)\n   - Lines 11-19 contain Issue #121 entry in [Unreleased] section\n   - Accurate description of new features, dependencies, and scope\n   - No update needed\n\n3. **ARCHITECTURE.md** (⭐ Updated)\n   - **Fixed**: File paths corrected (`src/engines/` → `src/core/`)\n   - **Fixed**: Method names corrected (`analyzeBugs()` → `analyzeForBugs()`)\n   - **Enhanced**: Implementation details added (detection patterns, thresholds, caching)\n   - **Enhanced**: Module list updated with accurate line counts\n   - Changes: 2 sections, ~40 lines modified\n\n4. **CLAUDE.md** (⭐ Updated)\n   - **Added**: New section \"自動Issue作成\" (lines 163-211, 49 lines)\n   - **Added**: Core modules expanded to include 4 new files\n   - **Content**: CLI examples, options, environment variables, engine descriptions\n   - Changes: 2 sections, ~53 lines added\n\n5. **TROUBLESHOOTING.md** (✅ Already complete)\n   - Lines 595-711 contain comprehensive auto-issue troubleshooting (117 lines)\n   - Common errors, resolution steps, detection accuracy tuning\n   - No update needed\n\n**Evidence**:\n- Documentation log lines 45-143 detail all updates\n- Documentation log lines 149-248 explain why certain docs don't need updates\n- All documentation is accurate and aligned with implementation\n\n**Overall Assessment**: Documentation is production-ready and comprehensive.\n\n---\n\n### 7. Overall Workflow Consistency ⚠️\n\n**Status**: INCONSISTENT\n\n**Consistency Issues**:\n\n**Issue 7.1: Phase 4 → Phase 5 Disconnect**\n- **Severity**: HIGH\n- **Description**: Implementation log (Phase 4) described API structure incorrectly, causing Phase 5 test code to implement wrong API expectations\n- **Specific Problem**: Implementation log Section 6 titled \"IssueClient の拡張\" implied methods added to IssueClient, but actual implementation added facade methods to GitHubClient\n- **Impact**: No verification step caught this until Phase 6 test execution\n- **Evidence**:\n  - Implementation log lines 334-377 (before revision) vs. actual code\n  - Test result document lines 250-265 root cause analysis\n\n**Issue 7.2: Phase 5 Output Not Validated**\n- **Severity**: HIGH\n- **Description**: Phase 5 completed without running TypeScript compiler or test suite\n- **Impact**: 72% of tests were unexecutable, but this wasn't detected until Phase 6\n- **Process Gap**: Quality gates state tests should be executable but this wasn't verified\n\n**Issue 7.3: Phase 6 Revealed Fundamental Problem**\n- **Severity**: HIGH\n- **Description**: Test execution (Phase 6) revealed that implementation and test code are incompatible\n- **Discovery Timing**: Should have been caught in Phase 5 with compilation check\n- **Evidence**: Test result document lines 1-8 classify as \"部分的成功（実装の問題を検出）\"\n\n**Strengths**:\n\n**Positive 7.1: Phase 8 Correctly Identifies Issues**\n- Report accurately diagnoses problems\n- Recommends appropriate rollback to Phase 5\n- Proposes clear fix path with time estimates (3-4 hours)\n- Evidence: Report document lines 42-54, 551-601\n\n**Positive 7.2: Phase 1-3 Consistency**\n- Requirements → Design → Test Scenarios are well-aligned\n- All three phases reference same 3-engine architecture\n- Test scenarios correctly derive from requirements\n\n**Positive 7.3: Implementation Follows Design**\n- Phase 4 implementation correctly implements Phase 2 design\n- RepositoryAnalyzer verified to work as designed (14/14 tests)\n- Architecture matches design specifications\n\n**Overall Assessment**: Workflow has a critical break in consistency between Phase 4 implementation log and Phase 5 test implementation.\n\n---\n\n## Summary of Issues by Severity\n\n### CRITICAL (Blockers)\n\n1. **36/50 Test Cases Unexecutable (72%)** [Criterion 3, 5]\n   - API mismatch between test code and implementation\n   - Affects: IssueDeduplicator, IssueGenerator, CLI handler, integration tests\n   - Required fix: Update test code to match actual GitHubClient API\n\n2. **Zero Verification for Core Components** [Criterion 3]\n   - IssueDeduplicator: 0% verified\n   - IssueGenerator: 0% verified\n   - CLI Handler: 0% verified\n   - Integration: 0% verified\n   - Required fix: Make tests executable and pass\n\n3. **Phase 5 Quality Gate Violation** [Criterion 5]\n   - Quality gate: \"テストコードが実行可能である\"\n   - Reality: 72% of tests have compilation errors\n   - Required fix: TypeScript compilation verification\n\n### HIGH (Important but not critical)\n\n4. **Implementation Log Inaccuracy** [Criterion 2, 7]\n   - Status: Now fixed in implementation.md revision\n   - Originally caused downstream test failures\n   - Future impact: None (corrected)\n\n5. **Phase 4→5 Consistency Break** [Criterion 7]\n   - Implementation log misled test implementer\n   - No verification step caught this\n   - Required fix: Correct test code based on actual source\n\n### MEDIUM (Should fix but not urgent)\n\n6. **Design-Implementation Ambiguity** [Criterion 2]\n   - Design doesn't explicitly specify API structure\n   - Led to implementation log confusion\n   - Future impact: Low (implementation is now documented correctly)\n\n7. **Phase 5 Review Incomplete** [Criterion 5]\n   - Caught some issues but not API mismatch\n   - Future impact: Process improvement needed\n\n### LOW (Minor)\n\nNone identified that require fixing before merge.\n\n---\n\n## Decision\n\n**DECISION: FAIL_PHASE_5**\n\n**FAILED_PHASE:** test_implementation\n\n### ISSUES:\n\n1. **Critical API Mismatch (36/50 tests unexecutable):** Test code expects `mockGitHubClient.getIssueClient()` API that doesn't exist in implementation. Tests use incorrect API structure based on ambiguous implementation log (Phase 4 Section 6 \"IssueClient の拡張\").\n\n2. **No Compilation Verification:** Phase 5 did not run TypeScript compiler to verify test code compiles successfully. This allowed 36 compilation errors to go undetected until Phase 6 test execution.\n\n3. **Insufficient Implementation Verification:** Test implementer relied solely on implementation log without examining actual source code (`src/core/github-client.ts`, `src/core/issue-deduplicator.ts`, `src/core/issue-generator.ts`) to verify API structure.\n\n4. **Quality Gate Violation:** Phase 5 quality gates state \"✅ テストコードが実行可能である\" (test code must be executable), but 72% of tests are not executable due to compilation errors caused by API mismatch.\n\n5. **Zero Verification for Critical Components:** IssueDeduplicator (2-stage deduplication), IssueGenerator (AI generation, SecretMasker), and CLI handler (option validation, dry-run) have 0% test verification, violating UNIT_INTEGRATION test strategy defined in Phase 2 design.\n\n### REASONING:\n\nWhile the **actual implementation code is high quality** (evidenced by 14/14 RepositoryAnalyzer tests passing with proper bug detection, error handling, and type safety), the **test implementation has fundamental flaws** that prevent verification of 72% of the functionality:\n\n#### 1. Quality Assurance Incomplete\n\nWithout working tests for IssueDeduplicator, IssueGenerator, and CLI handler, we cannot verify these components work correctly. This violates the UNIT_INTEGRATION test strategy defined in Phase 2 (design.md lines 170-189), which requires:\n- Unit test coverage: 85%+\n- Integration test coverage: 6 main scenarios\n- Current reality: 28% of tests executable, 0% coverage for 3/4 components\n\n#### 2. Blocker for Merge\n\nThe Phase 8 report correctly identifies this as a blocker (report.md lines 42-54), stating \"⚠️ 条件付き推奨\" with the condition being:\n\n> Phase 5（テストコード実装）に差し戻し、テストコードのAPI不整合を修正すること\n\nThis conditional merge approval acknowledges that **implementation is good** but **tests must be fixed first**.\n\n#### 3. Fixable Within Phase 5 Scope\n\nThe issues are confined to test code implementation and can be fixed by:\n\n**Required Changes** (estimated 2-3 hours):\n- Update `tests/unit/core/issue-deduplicator.test.ts` (5 locations)\n  - Change: `mockGitHubClient.getIssueClient().listAllIssues()`\n  - To: `mockGitHubClient.listAllIssues()`\n- Update `tests/unit/core/issue-generator.test.ts` (9 locations)\n  - Change: `mockGitHubClient.getIssueClient().createIssue()`\n  - To: `mockGitHubClient.createIssue()`\n- Update `tests/unit/commands/auto-issue.test.ts` (investigate mock setup)\n- Update `tests/integration/auto-issue-flow.test.ts` (investigate mock setup)\n\n**Verification Steps** (estimated 1-1.5 hours):\n- Run `npm install` to install dependencies (ts-morph, cosine-similarity)\n- Run TypeScript compiler: `npx tsc --noEmit` to verify no compilation errors\n- Execute test suite: `npm test` to confirm 50/50 tests pass\n- Verify coverage: `npm run test:coverage` to confirm 85%+ coverage\n\n#### 4. Root Cause is Correctable Process Issue\n\nThe fundamental problem is:\n- **Phase 4** (implementation.md Section 6) described API ambiguously\n- **Phase 5** didn't verify output against actual source code\n- **Phase 5** didn't run TypeScript compiler to catch errors\n\nThis is a **process issue**, not a fundamental design flaw. The solution is:\n1. Fix test code to match actual implementation (2-3 hours)\n2. Add compilation verification to Phase 5 process (30 minutes)\n3. Ensure Phase 5 reviews actual source code, not just logs (process improvement)\n\n#### 5. Implementation Quality is Proven\n\nThe 14/14 RepositoryAnalyzer tests passing demonstrates that **when tests are correctly written, they validate high-quality implementation code**. We need the same verification for IssueDeduplicator, IssueGenerator, and CLI handler.\n\nTest results show:\n```\nPASS tests/unit/core/repository-analyzer.test.ts (12.416 s)\n  ✓ 非同期関数でtry-catchが使用されていない箇所を検出する (510 ms)\n  ✓ 適切にtry-catchが実装されている非同期関数は検出されない (348 ms)\n  ✓ async アロー関数のエラーハンドリング欠如を検出する (330 ms)\n  ... [14/14 tests passing]\n```\n\nThis proves:\n- Implementation logic is correct\n- Error handling works as designed\n- Edge cases are handled properly\n- Type safety is maintained\n\nWe need this same level of verification for the other 72% of functionality.\n\n#### 6. Dependencies Not Installed (Minor Blocker)\n\nTest result document (lines 427-522) shows:\n```\nerror TS2307: Cannot find module 'ts-morph' or its corresponding type declarations.\n```\n\nThis is easily fixed with `npm install`, but it's a prerequisite for running tests.\n\n### ESTIMATED FIX TIME:\n\nBased on Phase 8 report analysis (report.md lines 811-814):\n\n- Test code modification: 2-3 hours\n- Compilation verification: 30 minutes\n- Test execution and coverage verification: 1 hour\n- **Total: 3.5-4.5 hours**\n\n### NEXT STEPS:\n\n1. **Rollback to Phase 5** using AI workflow rollback command:\n   ```bash\n   ai-workflow rollback \\\n     --issue 121 \\\n     --to-phase test-implementation \\\n     --reason \"テストコードのAPI不整合。実装コードのAPIとテストコードが不一致。36件のテストケースが実行不可。\"\n   ```\n\n2. **Install Dependencies:**\n   ```bash\n   npm install\n   ```\n\n3. **Fix Test Files:**\n   - Examine actual source code in `src/core/github-client.ts` to understand API\n   - Update all test files to use correct API: `mockGitHubClient.listAllIssues()` directly\n   - Remove all references to non-existent `getIssueClient()` method\n\n4. **Verify Compilation:**\n   ```bash\n   npx tsc --noEmit\n   ```\n\n5. **Run Tests:**\n   ```bash\n   npm run test:unit -- tests/unit/core/repository-analyzer.test.ts\n   npm run test:unit -- tests/unit/core/issue-deduplicator.test.ts\n   npm run test:unit -- tests/unit/core/issue-generator.test.ts\n   npm run test:unit -- tests/unit/commands/auto-issue.test.ts\n   npm run test:integration -- tests/integration/auto-issue-flow.test.ts\n   ```\n   **Success Criteria:** 50/50 tests pass\n\n6. **Verify Coverage:**\n   ```bash\n   npm run test:coverage\n   ```\n   **Success Criteria:** 85%+ coverage\n\n7. **Re-run Phase 6** (Testing) with corrected tests\n\n8. **Update Phase 8** (Report) to reflect:\n   - Test success rate: 100% (50/50)\n   - Coverage: 85%+\n   - Merge recommendation: ✅ PASS (remove conditions)\n\n---\n\n## Positive Highlights\n\nDespite the test implementation issues, this project has significant strengths:\n\n### 1. High-Quality Implementation Code ✅\n\n- TypeScript strict mode compliance with zero `any` types\n- Comprehensive error handling with try-catch blocks\n- Clean 3-engine architecture with proper separation of concerns\n- Proven functionality: 14/14 RepositoryAnalyzer tests passing\n- Smart algorithm design: 2-stage deduplication (cosine similarity 0.6 → LLM 0.8)\n- Security: SecretMasker integration for API key protection\n\n### 2. Excellent Documentation ✅\n\n- README.md: 98 lines of comprehensive auto-issue docs\n- TROUBLESHOOTING.md: 117 lines of error resolution guidance\n- ARCHITECTURE.md: Updated with accurate file paths and method names\n- CLAUDE.md: New section with usage examples and engine descriptions\n- CHANGELOG.md: Complete Issue #121 entry\n\n### 3. Well-Designed Architecture ✅\n\n- CREATE strategy appropriately chosen for independent new functionality\n- Facade pattern correctly applied to GitHubClient\n- Proper reuse of existing patterns (Config, Logger, SecretMasker)\n- Phase 2/3 extension points clearly identified for future work\n\n### 4. Comprehensive Test Plan ✅\n\n- 50 test cases covering all components (structure is correct)\n- Given-When-Then comments for clarity\n- Edge cases included (empty projects, error conditions)\n- Integration tests for end-to-end flows\n\n### 5. Transparent Reporting ✅\n\n- Phase 8 report honestly identifies problems\n- Recommends appropriate rollback with clear reasoning\n- Provides specific fix instructions with time estimates\n- Acknowledges both strengths and weaknesses\n\n---\n\n## Recommendations\n\n### Immediate (Before Merge)\n\n1. **Fix Phase 5 Test Code** (CRITICAL - 3-4 hours)\n   - Update all test files to match actual GitHubClient API\n   - Run TypeScript compiler to verify no errors\n   - Execute test suite to confirm 50/50 passing\n   - Verify 85%+ coverage\n\n2. **Install Dependencies** (REQUIRED - 5 minutes)\n   - Run `npm install` to get ts-morph and cosine-similarity\n\n3. **Re-run Phase 6 Testing** (REQUIRED - 1 hour)\n   - Execute all tests with corrected test code\n   - Document 100% success rate\n\n### Short-Term (Post-Merge)\n\n4. **Monitor in Production** (1 week)\n   - Use `--dry-run` mode initially\n   - Review generated Issue quality\n   - Measure false positive rate\n   - Collect developer feedback\n\n5. **Measure LLM Costs** (1 week)\n   - Track OpenAI API usage\n   - Verify `--limit` default of 5 is appropriate\n   - Confirm caching mechanism reduces costs\n\n### Medium-Term (Future Iterations)\n\n6. **Implement Phase 2** (8-12 hours)\n   - Refactoring detection (large files/functions, code duplication, complexity)\n   - Extend test suite with Phase 2 test cases\n\n7. **Implement Phase 3** (12-16 hours)\n   - Enhancement suggestions (existing feature improvements, creative ideas)\n   - Enable `--creative-mode` option\n\n8. **Process Improvements**\n   - Add TypeScript compilation check to Phase 5 quality gates\n   - Require Phase 5 to verify actual source code, not just implementation logs\n   - Consider automated Phase 5→6 validation (compile → test)\n\n---\n\n## Conclusion\n\n**This project demonstrates high-quality implementation work** with a proven, working bug detection engine (RepositoryAnalyzer). The 3-engine architecture is sound, documentation is comprehensive, and the design properly balances immediate value (Phase 1 MVP) with future extensibility (Phase 2/3).\n\n**However, the test implementation (Phase 5) has critical flaws** that prevent verification of 72% of the functionality. This is not a minor issue—without working tests, we cannot ensure IssueDeduplicator, IssueGenerator, and CLI handler work correctly, creating unacceptable regression risk.\n\n**The good news**: This is a fixable problem confined to test code. The implementation itself is proven to be high quality (14/14 RepositoryAnalyzer tests passing). Fixing the test code API mismatch is estimated at 3-4 hours and will complete the verification needed for confident merge.\n\n**Final Recommendation**: **FAIL_PHASE_5** with high confidence that the fix is straightforward and the resulting project will be production-ready.\n\n---\n\n**Evaluation Completed**: 2025-01-30\n**Evaluator**: AI Workflow Agent (Claude)\n**Decision**: FAIL_PHASE_5 (test_implementation)\n**Next Action**: Rollback to Phase 5, fix test code API mismatch, re-run Phase 6 testing",
        "review_result": ".ai-workflow/issue-121/09_evaluation/output/evaluation_report.md",
        "details": null
      }
    },
    "test_implementation": {
      "status": "completed",
      "retry_count": 0,
      "started_at": "2025-11-15T13:27:06.509Z",
      "completed_at": "2025-11-15T13:36:29.942Z",
      "review_result": null,
      "current_step": null,
      "completed_steps": [
        "execute",
        "review"
      ],
      "rollback_context": null
    },
    "testing": {
      "status": "in_progress",
      "retry_count": 0,
      "started_at": "2025-11-15T13:36:30.478Z",
      "completed_at": null,
      "review_result": null,
      "current_step": "execute",
      "completed_steps": [],
      "rollback_context": null
    },
    "documentation": {
      "status": "pending",
      "retry_count": 0,
      "started_at": null,
      "completed_at": null,
      "review_result": null,
      "current_step": null,
      "completed_steps": [],
      "rollback_context": null
    },
    "report": {
      "status": "pending",
      "retry_count": 0,
      "started_at": null,
      "completed_at": null,
      "review_result": null,
      "current_step": null,
      "completed_steps": [],
      "rollback_context": null
    },
    "evaluation": {
      "status": "pending",
      "retry_count": 0,
      "started_at": null,
      "completed_at": null,
      "review_result": null,
      "decision": "FAIL_PHASE_TEST_IMPLEMENTATION",
      "failed_phase": "test_implementation",
      "remaining_tasks": [],
      "created_issue_url": null,
      "abort_reason": null,
      "current_step": null,
      "completed_steps": [],
      "rollback_context": null
    }
  },
  "created_at": "2025-11-03T12:12:36.640Z",
  "updated_at": "2025-11-15T13:45:05.182Z",
  "branch_name": "ai-workflow/issue-121",
  "pr_number": 125,
  "pr_url": "https://github.com/tielec/ai-workflow-agent/pull/125",
  "github_integration": {
    "progress_comment_id": 3480220106,
    "progress_comment_url": "https://github.com/tielec/ai-workflow-agent/issues/121#issuecomment-3480220106"
  },
  "rollback_history": [
    {
      "timestamp": "2025-11-15T06:03:16.224Z",
      "from_phase": null,
      "from_step": null,
      "to_phase": "implementation",
      "to_step": "revise",
      "reason": "# 評価レポート - Issue #121\n\n## エグゼクティブサマリー\n\nIssue #121（AIエージェントによる自動Issue作成機能の実装）は、Phase 1（MVP：バグ検出機能）として高品質な実装が完了しています。RepositoryAnalyzerは14ケースのユニットテストで100%成功し、3つのコアエンジン（探索、重複検出、生成）が設計通りに実装されています。しかし、Phase 5で実装されたテストコードにAPI不整合があり、36ケース（66.7%）がコンパイルエラーで実行不可となっています。実装コード自体は高品質ですが、テスト検証が不完全なため、Phase 5への差し戻しが必要です。\n\n---\n\n## 基準評価\n\n### 1. 要件の完全性 ✅ **PASS**\n\n**評価**: すべての要件が明確に定義され、Phase 1（MVP）の範囲で適切に対応されています。\n\n**根拠**:\n- ✅ FR-001: 新しいCLIコマンド `auto-issue` が実装され、5つのオプション（category, limit, dry-run, similarity-threshold, creative-mode）が揃っている\n- ✅ FR-002: リポジトリ探索エンジンが実装され、3つのバグパターン（エラーハンドリング欠如、型安全性問題、リソースリーク）を検出\n- ✅ FR-003: 2段階重複検出（コサイン類似度0.6→LLM意味的判定0.8）が実装され、キャッシュ機構も実装\n- ✅ FR-004: Issue自動生成エンジンがOpenAI APIを使用し、テンプレートベースフォールバックも実装\n- ✅ Phase 1（MVP）のスコープが明確で、Phase 2/3の拡張ポイントがコメントで明示\n\n**証拠**:\n- Planning Phase（planning.md, 行20-33）: 段階的リリース戦略が明確に定義\n- Requirements Phase（requirements.md, 行66-296）: FR-001〜FR-007が詳細に記述\n- Implementation Phase（implementation.md, 行13-905）: すべての要件が実装済み\n\n---\n\n### 2. 設計品質 ✅ **PASS**\n\n**評価**: 設計は明確で、実装可能であり、拡張性が高い。3エンジン構成のアーキテクチャが適切です。\n\n**根拠**:\n- ✅ **アーキテクチャ**: 3つの独立したエンジン（RepositoryAnalyzer, IssueDeduplicator, IssueGenerator）が疎結合で設計\n- ✅ **実装戦略**: CREATE戦略が適切に選択され、既存コードへの影響が最小限（約50行の変更のみ）\n- ✅ **型定義**: 包括的な型定義（IssueCandidateResult, IssueSimilarityResult, AutoIssueOptions等）が設計\n- ✅ **エラーハンドリング**: 全ての非同期関数にtry-catchを実装する設計方針\n- ✅ **拡張性**: Phase 2/3のメソッドスタブ（analyzeForRefactoring, analyzeForEnhancements）が設計に含まれる\n\n**証拠**:\n- Design Phase（design.md, 行28-84）: システム全体図が明確\n- Design Phase（design.md, 行356-426）: 詳細な型定義設計\n- Design Phase（design.md, 行1309-1365）: 実装の順序が段階的に定義\n\n**軽微な改善点**:\n- APIキャッシュ戦略の永続化（現在はメモリキャッシュのみ）は将来的な改善点\n\n---\n\n### 3. テストカバレッジ ⚠️ **PARTIAL PASS**\n\n**評価**: テストシナリオは包括的ですが、実際のテスト実行率が25.9%（14/54ケース）と低いです。\n\n**根拠**:\n- ✅ **テストシナリオ**: 54ケースの包括的なテストシナリオが策定（Phase 3）\n  - ユニットテスト: 40ケース（RepositoryAnalyzer 18, IssueDeduplicator 12, IssueGenerator 8, コマンドハンドラ 11）\n  - 統合テスト: 13シナリオ（エンドツーエンド、API連携、既存モジュール統合）\n- ✅ **エッジケース**: 空プロジェクト、境界値、閾値調整など、エッジケースがカバー\n- ✅ **エラーケース**: API障害、レート制限、OpenAI未設定などのエラーケースがカバー\n\n- ❌ **実行状況**: 54ケース中14ケース（25.9%）のみ成功\n  - RepositoryAnalyzer: 14ケース成功（100%）\n  - IssueDeduplicator: 12ケースがコンパイルエラーで実行不可\n  - IssueGenerator: 8ケースがコンパイルエラーで実行不可\n  - コマンドハンドラ: 11ケースが実行不可\n  - 統合テスト: 5ケースが未実行\n\n**証拠**:\n- Test Scenario Phase（test-scenario.md, 行99-669）: 包括的なテストシナリオが策定\n- Testing Phase（test-result.md, 行41-68）: RepositoryAnalyzerのテストは全て成功\n- Testing Phase（test-result.md, 行72-122）: 他のテストはコンパイルエラー\n\n**重大な問題**:\n- テストコードのAPI不整合により、66.7%のテストが実行不可\n- カバレッジ測定が不可能（目標85%に対して測定不能）\n\n---\n\n### 4. 実装品質 ✅ **PASS**\n\n**評価**: 実装コード自体は高品質で、設計仕様と完全に一致しています。\n\n**根拠**:\n- ✅ **設計準拠**: Phase 4実装は設計書（Phase 2）に完全準拠（implementation.md, 行610-614）\n- ✅ **コーディング規約**: TypeScript strict mode、既存パターン（Config, Logger, SecretMasker）を踏襲\n- ✅ **エラーハンドリング**: 全ての非同期関数にtry-catchが実装され、フォールバック処理も完備\n- ✅ **セキュリティ**: SecretMasker統合により、APIキー等が自動マスキング\n- ✅ **品質ゲート**: 5つの品質ゲートをすべてクリア（implementation.md, 行606-672）\n\n**実装統計**:\n- 新規作成: 4ファイル、835行\n- 既存ファイル変更: 4ファイル、198行\n- 合計: 約1,033行\n\n**Phase 6で発見・修正された実装バグ**:\n- ✅ 依存関係の修正（cosine-similarity バージョン、型定義ファイル）\n- ✅ TypeScript型エラーの修正（ArrowFunction.getName()）\n- ✅ GitHubClient APIの修正（listAllIssues(), createIssue() メソッドの追加）\n\n**証拠**:\n- Implementation Phase（implementation.md, 行606-672）: 品質ゲート確認\n- Testing Phase（test-result.md, 行123-213）: 実装コードの修正内容\n\n---\n\n### 5. テスト実装品質 ❌ **FAIL**\n\n**評価**: テストコードにAPI不整合があり、実装コードと一致していません。これは重大な問題です。\n\n**根拠**:\n- ✅ **テストフィクスチャ**: 5つの高品質なフィクスチャが作成（missing-error-handling.ts, type-safety-issues.ts, resource-leaks.ts等）\n- ✅ **テスト構造**: Given-When-Then構造を採用し、テストの意図が明確\n- ✅ **モック設計**: GitHub API、OpenAI API、Configのモックが適切に設計\n\n- ❌ **API不整合**: テストコードが期待するAPIが実装されていない\n  - 期待: `mockGitHubClient.getIssueClient().listAllIssues()`\n  - 実装: `githubClient.listAllIssues()`（GitHubClientに直接メソッドを追加）\n- ❌ **コンパイルエラー**: 36ケース（66.7%）がTypeScriptコンパイルエラー\n- ❌ **検証不足**: テストコード実装時に実装コードを確認せず、実装ログのみを信じた\n\n**証拠**:\n- Testing Phase（test-result.md, 行214-248）: テストコードの問題点が詳細に記録\n- Testing Phase（test-result.md, 行250-296）: 根本原因分析\n\n**重大な問題**:\n- テストコードが実装コードのAPIと乖離しており、テスト実行が不可能\n- Phase 5の実装ミス（実装ログの記載を鵜呑みにし、実際のコードを確認しなかった）\n\n---\n\n### 6. ドキュメント品質 ✅ **PASS**\n\n**評価**: ドキュメントは包括的で、明確で、将来のメンテナーに適しています。\n\n**根拠**:\n- ✅ **README.md**: +130行の包括的な機能ドキュメント（基本的な使用方法、オプション、環境変数、使用例、トラブルシューティング）\n- ✅ **CHANGELOG.md**: +9行のバージョン履歴（Issue #121のエントリ、新規依存関係の記録）\n- ✅ **ARCHITECTURE.md**: +40行のアーキテクチャドキュメント（4つの新規モジュール、3エンジンアーキテクチャ）\n- ✅ **TROUBLESHOOTING.md**: +120行のトラブルシューティングガイド（7つのシナリオ）\n- ✅ **Phase 1制限事項**: すべてのドキュメントでPhase 1（MVP）の制限事項が明確に記載\n\n**証拠**:\n- Documentation Phase（documentation-update-log.md, 行14-85）: 包括的な更新内容\n- Documentation Phase（documentation-update-log.md, 行189-212）: ドキュメント品質ゲート確認\n\n**コード例**:\n- 15以上のコード例が記載され、実行可能であることが確認されている\n\n---\n\n### 7. 全体的なワークフローの一貫性 ⚠️ **PARTIAL PASS**\n\n**評価**: フェーズ間で概ね一貫性がありますが、Phase 4とPhase 5の間で設計変更が発生し、テストコードとの不整合が生じています。\n\n**根拠**:\n- ✅ **Phase 0→1→2→3**: Planning、Requirements、Design、Test Scenarioは完全に一貫\n- ✅ **Phase 4→7→8**: Implementation、Documentation、Reportは一貫\n- ❌ **Phase 4→5の不整合**: 実装ログに記載されたAPIと実際の実装が異なり、Phase 5のテストコードが誤ったAPIを期待\n- ✅ **Phase 8（レポート）**: 作業を正確に要約し、問題点を明確に指摘\n\n**不整合の詳細**:\n- Implementation Phase（implementation.md, 行334-396）: IssueClientへのメソッド追加と記載\n- 実際の実装: GitHubClientに直接メソッドを追加（IssueClientではない）\n- Test Implementation Phase: 実装ログの記載を信じて `getIssueClient()` を期待するテストを実装\n\n**証拠**:\n- Testing Phase（test-result.md, 行250-296）: 根本原因分析で不整合が明確に記録\n- Report Phase（report.md, 行312-322）: Phase 6判定で差し戻し推奨\n\n---\n\n## 特定された問題\n\n### 重大な問題（ブロッキング）\n\n#### 1. テストコードのAPI不整合 🔴 **CRITICAL**\n\n**説明**: Phase 5で実装されたテストコードが、Phase 4の実装コードのAPIと不一致\n\n**影響範囲**:\n- `tests/unit/core/issue-deduplicator.test.ts`: 12ケース全て実行不可\n- `tests/unit/core/issue-generator.test.ts`: 8ケース全て実行不可\n- `tests/unit/commands/auto-issue.test.ts`: 11ケース全て実行不可\n- `tests/integration/auto-issue-flow.test.ts`: 5ケース全て実行不可\n- **合計**: 36ケース（66.7%）がコンパイルエラーで実行不可\n\n**根本原因**:\n1. Phase 4の実装ログに記載されたAPI（`IssueClient.listAllIssues()`）と実際の実装（`GitHubClient.listAllIssues()`）が異なる\n2. Phase 5のテストコード実装者が実装ログのみを信じて、実際のコードを確認しなかった\n3. テストコード実装時にTypeScriptコンパイルチェックが行われなかった\n\n**証拠**:\n- Testing Phase（test-result.md, 行72-122）: コンパイルエラーの詳細\n- Testing Phase（test-result.md, 行214-248）: API不整合の詳細分析\n\n**修正方法**:\n```typescript\n// 修正前（テストコード）\nmockGitHubClient.getIssueClient = jest.fn(() => ({\n  listAllIssues: jest.fn().mockResolvedValue([...]),\n}));\n\n// 修正後（実装コードのAPIに合わせる）\nmockGitHubClient.listAllIssues = jest.fn().mockResolvedValue([...]);\n```\n\n**見積もり**: 2〜3時間の修正作業\n\n---\n\n### 軽微な問題（非ブロッキング）\n\n#### 1. カバレッジ測定不能 ⚠️ **MINOR**\n\n**説明**: テストの一部が実行不可のため、カバレッジが測定できない（目標85%）\n\n**影響**: カバレッジ測定は修正後に実施可能\n\n#### 2. Phase 1（MVP）の機能制限 ℹ️ **INFO**\n\n**説明**: バグ検出機能のみ実装（リファクタリング検出、機能拡張提案は未実装）\n\n**影響**: ドキュメントに明記されており、Phase 2/3で拡張予定\n\n#### 3. LLMコスト 💰 **MINOR**\n\n**説明**: 大規模リポジトリでのトークン使用量が予算を超える可能性\n\n**影響**: `--limit` オプション、トークン削減、キャッシュ機構で軽減済み\n\n---\n\n## 決定\n\n```\nDECISION: FAIL_PHASE_5\n\nFAILED_PHASE: test_implementation\n\nISSUES:\n1. テストコードのAPI不整合: 36ケース（66.7%）がコンパイルエラーで実行不可\n   - 期待API: mockGitHubClient.getIssueClient().listAllIssues()\n   - 実装API: githubClient.listAllIssues()\n   - 影響ファイル: issue-deduplicator.test.ts, issue-generator.test.ts, auto-issue.test.ts, auto-issue-flow.test.ts\n\n2. TypeScriptコンパイルチェックの欠如: テストコード実装時にコンパイルエラーが検出されなかった\n\n3. 実装コードの確認不足: 実装ログの記載のみを信じて、実際のコードを確認しなかった\n\nREASONING:\nテストコードのAPI不整合は重大なブロッキング問題であり、以下の理由でPhase 5への差し戻しが必要です：\n\n1. **テスト実行率が25.9%**: 54ケース中14ケースのみ成功（RepositoryAnalyzerのみ）\n2. **カバレッジ測定不能**: 目標85%に対して、測定が不可能\n3. **品質保証の欠如**: 実装コードの66.7%がテスト検証されていない状態\n4. **マージリスク**: テスト検証なしでマージすると、将来的なバグのリスクが高い\n\n実装コード自体（Phase 4）は高品質であり、RepositoryAnalyzerのテストは全て成功しています。問題はテストコード実装（Phase 5）にあるため、Phase 5への差し戻しと修正が最適なアプローチです。\n\n修正見積もり: 2〜3時間（テストコードのAPI修正 + TypeScriptコンパイルチェック + テスト再実行）\n\n修正後、Phase 6（テスト実行）で全テストケースが成功すれば、プロジェクトはマージ準備完了となります。\n```\n\n---\n\n## 推奨事項\n\n### 即座のアクション（Phase 5差し戻し後）\n\n1. **テストコードの修正**:\n   - `tests/unit/core/issue-deduplicator.test.ts` のモック設定を修正\n   - `tests/unit/core/issue-generator.test.ts` のモック設定を修正\n   - `tests/unit/commands/auto-issue.test.ts` のモック設定を修正\n   - `tests/integration/auto-issue-flow.test.ts` のモック設定を修正\n\n2. **TypeScriptコンパイルチェック**:\n   - テストコード修正後、`npm run build` または `tsc --noEmit` を実行\n   - コンパイルエラーがないことを確認\n\n3. **Phase 6（テスト実行）の再実行**:\n   - 全テストケース（54ケース）が成功することを確認\n   - カバレッジが85%以上であることを確認\n\n### 将来的な改善（Phase 2/3）\n\n1. **Phase 2（リファクタリング検出）**:\n   - `analyzeForRefactoring()` メソッドの実装\n   - 複雑度検出、コード重複検出、命名規約違反検出\n\n2. **Phase 3（機能拡張提案）**:\n   - `analyzeForEnhancements()` メソッドの実装\n   - 創造的提案モード（`--creative-mode`）の実装\n\n3. **プロセス改善**:\n   - テストコード実装時の実装コード確認を必須化\n   - TypeScriptコンパイルチェックをPhase 5の品質ゲートに追加\n\n---\n\n## まとめ\n\n**プロジェクト全体の評価**: 実装コード自体は非常に高品質で、Phase 1（MVP）のバグ検出機能は設計通りに完成しています。RepositoryAnalyzerのユニットテストは14ケース全て成功し、3つのコアエンジンが適切に実装されています。ドキュメントも包括的で明確です。\n\n**主要な問題**: Phase 5で実装されたテストコードにAPI不整合があり、36ケース（66.7%）がコンパイルエラーで実行不可となっています。これは実装コードの問題ではなく、テストコード実装時の仕様理解不足によるものです。\n\n**推奨アクション**: Phase 5（テストコード実装）への差し戻しと修正が必須です。修正後、Phase 6でテスト実行を再実行し、全テストケースが成功すればマージ準備完了となります。\n\n**見積もり**: テストコード修正に2〜3時間、テスト再実行に1時間、合計3〜4時間で修正完了予定。\n\n---\n\n**評価完了日**: 2025-01-30  \n**評価者**: Claude (AI Project Evaluator)  \n**最終判定**: FAIL_PHASE_5 - テストコード実装に差し戻し、API不整合の修正が必須\n\n## Turn 3: 実行完了\n\n**ステータス**: success\n**所要時間**: 156044ms\n**ターン数**: 10\n\n# 評価レポート - Issue #121\n\n## エグゼクティブサマリー\n\nIssue #121（AIエージェントによる自動Issue作成機能の実装）は、Phase 1（MVP：バグ検出機能）として高品質な実装が完了しています。RepositoryAnalyzerは14ケースのユニットテストで100%成功し、3つのコアエンジン（探索、重複検出、生成）が設計通りに実装されています。しかし、Phase 5で実装されたテストコードにAPI不整合があり、36ケース（66.7%）がコンパイルエラーで実行不可となっています。実装コード自体は高品質ですが、テスト検証が不完全なため、Phase 5への差し戻しが必要です。\n\n---\n\n## 基準評価\n\n### 1. 要件の完全性 ✅ **PASS**\n\n**評価**: すべての要件が明確に定義され、Phase 1（MVP）の範囲で適切に対応されています。\n\n**根拠**:\n- ✅ FR-001: 新しいCLIコマンド `auto-issue` が実装され、5つのオプション（category, limit, dry-run, similarity-threshold, creative-mode）が揃っている\n- ✅ FR-002: リポジトリ探索エンジンが実装され、3つのバグパターン（エラーハンドリング欠如、型安全性問題、リソースリーク）を検出\n- ✅ FR-003: 2段階重複検出（コサイン類似度0.6→LLM意味的判定0.8）が実装され、キャッシュ機構も実装\n- ✅ FR-004: Issue自動生成エンジンがOpenAI APIを使用し、テンプレートベースフォールバックも実装\n- ✅ Phase 1（MVP）のスコープが明確で、Phase 2/3の拡張ポイントがコメントで明示\n\n**証拠**:\n- Planning Phase（planning.md, 行20-33）: 段階的リリース戦略が明確に定義\n- Requirements Phase（requirements.md, 行66-296）: FR-001〜FR-007が詳細に記述\n- Implementation Phase（implementation.md, 行13-905）: すべての要件が実装済み\n\n---\n\n### 2. 設計品質 ✅ **PASS**\n\n**評価**: 設計は明確で、実装可能であり、拡張性が高い。3エンジン構成のアーキテクチャが適切です。\n\n**根拠**:\n- ✅ **アーキテクチャ**: 3つの独立したエンジン（RepositoryAnalyzer, IssueDeduplicator, IssueGenerator）が疎結合で設計\n- ✅ **実装戦略**: CREATE戦略が適切に選択され、既存コードへの影響が最小限（約50行の変更のみ）\n- ✅ **型定義**: 包括的な型定義（IssueCandidateResult, IssueSimilarityResult, AutoIssueOptions等）が設計\n- ✅ **エラーハンドリング**: 全ての非同期関数にtry-catchを実装する設計方針\n- ✅ **拡張性**: Phase 2/3のメソッドスタブ（analyzeForRefactoring, analyzeForEnhancements）が設計に含まれる\n\n**証拠**:\n- Design Phase（design.md, 行28-84）: システム全体図が明確\n- Design Phase（design.md, 行356-426）: 詳細な型定義設計\n- Design Phase（design.md, 行1309-1365）: 実装の順序が段階的に定義\n\n**軽微な改善点**:\n- APIキャッシュ戦略の永続化（現在はメモリキャッシュのみ）は将来的な改善点\n\n---\n\n### 3. テストカバレッジ ⚠️ **PARTIAL PASS**\n\n**評価**: テストシナリオは包括的ですが、実際のテスト実行率が25.9%（14/54ケース）と低いです。\n\n**根拠**:\n- ✅ **テストシナリオ**: 54ケースの包括的なテストシナリオが策定（Phase 3）\n  - ユニットテスト: 40ケース（RepositoryAnalyzer 18, IssueDeduplicator 12, IssueGenerator 8, コマンドハンドラ 11）\n  - 統合テスト: 13シナリオ（エンドツーエンド、API連携、既存モジュール統合）\n- ✅ **エッジケース**: 空プロジェクト、境界値、閾値調整など、エッジケースがカバー\n- ✅ **エラーケース**: API障害、レート制限、OpenAI未設定などのエラーケースがカバー\n\n- ❌ **実行状況**: 54ケース中14ケース（25.9%）のみ成功\n  - RepositoryAnalyzer: 14ケース成功（100%）\n  - IssueDeduplicator: 12ケースがコンパイルエラーで実行不可\n  - IssueGenerator: 8ケースがコンパイルエラーで実行不可\n  - コマンドハンドラ: 11ケースが実行不可\n  - 統合テスト: 5ケースが未実行\n\n**証拠**:\n- Test Scenario Phase（test-scenario.md, 行99-669）: 包括的なテストシナリオが策定\n- Testing Phase（test-result.md, 行41-68）: RepositoryAnalyzerのテストは全て成功\n- Testing Phase（test-result.md, 行72-122）: 他のテストはコンパイルエラー\n\n**重大な問題**:\n- テストコードのAPI不整合により、66.7%のテストが実行不可\n- カバレッジ測定が不可能（目標85%に対して測定不能）\n\n---\n\n### 4. 実装品質 ✅ **PASS**\n\n**評価**: 実装コード自体は高品質で、設計仕様と完全に一致しています。\n\n**根拠**:\n- ✅ **設計準拠**: Phase 4実装は設計書（Phase 2）に完全準拠（implementation.md, 行610-614）\n- ✅ **コーディング規約**: TypeScript strict mode、既存パターン（Config, Logger, SecretMasker）を踏襲\n- ✅ **エラーハンドリング**: 全ての非同期関数にtry-catchが実装され、フォールバック処理も完備\n- ✅ **セキュリティ**: SecretMasker統合により、APIキー等が自動マスキング\n- ✅ **品質ゲート**: 5つの品質ゲートをすべてクリア（implementation.md, 行606-672）\n\n**実装統計**:\n- 新規作成: 4ファイル、835行\n- 既存ファイル変更: 4ファイル、198行\n- 合計: 約1,033行\n\n**Phase 6で発見・修正された実装バグ**:\n- ✅ 依存関係の修正（cosine-similarity バージョン、型定義ファイル）\n- ✅ TypeScript型エラーの修正（ArrowFunction.getName()）\n- ✅ GitHubClient APIの修正（listAllIssues(), createIssue() メソッドの追加）\n\n**証拠**:\n- Implementation Phase（implementation.md, 行606-672）: 品質ゲート確認\n- Testing Phase（test-result.md, 行123-213）: 実装コードの修正内容\n\n---\n\n### 5. テスト実装品質 ❌ **FAIL**\n\n**評価**: テストコードにAPI不整合があり、実装コードと一致していません。これは重大な問題です。\n\n**根拠**:\n- ✅ **テストフィクスチャ**: 5つの高品質なフィクスチャが作成（missing-error-handling.ts, type-safety-issues.ts, resource-leaks.ts等）\n- ✅ **テスト構造**: Given-When-Then構造を採用し、テストの意図が明確\n- ✅ **モック設計**: GitHub API、OpenAI API、Configのモックが適切に設計\n\n- ❌ **API不整合**: テストコードが期待するAPIが実装されていない\n  - 期待: `mockGitHubClient.getIssueClient().listAllIssues()`\n  - 実装: `githubClient.listAllIssues()`（GitHubClientに直接メソッドを追加）\n- ❌ **コンパイルエラー**: 36ケース（66.7%）がTypeScriptコンパイルエラー\n- ❌ **検証不足**: テストコード実装時に実装コードを確認せず、実装ログのみを信じた\n\n**証拠**:\n- Testing Phase（test-result.md, 行214-248）: テストコードの問題点が詳細に記録\n- Testing Phase（test-result.md, 行250-296）: 根本原因分析\n\n**重大な問題**:\n- テストコードが実装コードのAPIと乖離しており、テスト実行が不可能\n- Phase 5の実装ミス（実装ログの記載を鵜呑みにし、実際のコードを確認しなかった）\n\n---\n\n### 6. ドキュメント品質 ✅ **PASS**\n\n**評価**: ドキュメントは包括的で、明確で、将来のメンテナーに適しています。\n\n**根拠**:\n- ✅ **README.md**: +130行の包括的な機能ドキュメント（基本的な使用方法、オプション、環境変数、使用例、トラブルシューティング）\n- ✅ **CHANGELOG.md**: +9行のバージョン履歴（Issue #121のエントリ、新規依存関係の記録）\n- ✅ **ARCHITECTURE.md**: +40行のアーキテクチャドキュメント（4つの新規モジュール、3エンジンアーキテクチャ）\n- ✅ **TROUBLESHOOTING.md**: +120行のトラブルシューティングガイド（7つのシナリオ）\n- ✅ **Phase 1制限事項**: すべてのドキュメントでPhase 1（MVP）の制限事項が明確に記載\n\n**証拠**:\n- Documentation Phase（documentation-update-log.md, 行14-85）: 包括的な更新内容\n- Documentation Phase（documentation-update-log.md, 行189-212）: ドキュメント品質ゲート確認\n\n**コード例**:\n- 15以上のコード例が記載され、実行可能であることが確認されている\n\n---\n\n### 7. 全体的なワークフローの一貫性 ⚠️ **PARTIAL PASS**\n\n**評価**: フェーズ間で概ね一貫性がありますが、Phase 4とPhase 5の間で設計変更が発生し、テストコードとの不整合が生じています。\n\n**根拠**:\n- ✅ **Phase 0→1→2→3**: Planning、Requirements、Design、Test Scenarioは完全に一貫\n- ✅ **Phase 4→7→8**: Implementation、Documentation、Reportは一貫\n- ❌ **Phase 4→5の不整合**: 実装ログに記載されたAPIと実際の実装が異なり、Phase 5のテストコードが誤ったAPIを期待\n- ✅ **Phase 8（レポート）**: 作業を正確に要約し、問題点を明確に指摘\n\n**不整合の詳細**:\n- Implementation Phase（implementation.md, 行334-396）: IssueClientへのメソッド追加と記載\n- 実際の実装: GitHubClientに直接メソッドを追加（IssueClientではない）\n- Test Implementation Phase: 実装ログの記載を信じて `getIssueClient()` を期待するテストを実装\n\n**証拠**:\n- Testing Phase（test-result.md, 行250-296）: 根本原因分析で不整合が明確に記録\n- Report Phase（report.md, 行312-322）: Phase 6判定で差し戻し推奨\n\n---\n\n## 特定された問題\n\n### 重大な問題（ブロッキング）\n\n#### 1. テストコードのAPI不整合 🔴 **CRITICAL**\n\n**説明**: Phase 5で実装されたテストコードが、Phase 4の実装コードのAPIと不一致\n\n**影響範囲**:\n- `tests/unit/core/issue-deduplicator.test.ts`: 12ケース全て実行不可\n- `tests/unit/core/issue-generator.test.ts`: 8ケース全て実行不可\n- `tests/unit/commands/auto-issue.test.ts`: 11ケース全て実行不可\n- `tests/integration/auto-issue-flow.test.ts`: 5ケース全て実行不可\n- **合計**: 36ケース（66.7%）がコンパイルエラーで実行不可\n\n**根本原因**:\n1. Phase 4の実装ログに記載されたAPI（`IssueClient.listAllIssues()`）と実際の実装（`GitHubClient.listAllIssues()`）が異なる\n2. Phase 5のテストコード実装者が実装ログのみを信じて、実際のコードを確認しなかった\n3. テストコード実装時にTypeScriptコンパイルチェックが行われなかった\n\n**証拠**:\n- Testing Phase（test-result.md, 行72-122）: コンパイルエラーの詳細\n- Testing Phase（test-result.md, 行214-248）: API不整合の詳細分析\n\n**修正方法**:\n```typescript\n// 修正前（テストコード）\nmockGitHubClient.getIssueClient = jest.fn(() => ({\n  listAllIssues: jest.fn().mockResolvedValue([...]),\n}));\n\n// 修正後（実装コードのAPIに合わせる）\nmockGitHubClient.listAllIssues = jest.fn().mockResolvedValue([...]);\n```\n\n**見積もり**: 2〜3時間の修正作業\n\n---\n\n### 軽微な問題（非ブロッキング）\n\n#### 1. カバレッジ測定不能 ⚠️ **MINOR**\n\n**説明**: テストの一部が実行不可のため、カバレッジが測定できない（目標85%）\n\n**影響**: カバレッジ測定は修正後に実施可能\n\n#### 2. Phase 1（MVP）の機能制限 ℹ️ **INFO**\n\n**説明**: バグ検出機能のみ実装（リファクタリング検出、機能拡張提案は未実装）\n\n**影響**: ドキュメントに明記されており、Phase 2/3で拡張予定\n\n#### 3. LLMコスト 💰 **MINOR**\n\n**説明**: 大規模リポジトリでのトークン使用量が予算を超える可能性\n\n**影響**: `--limit` オプション、トークン削減、キャッシュ機構で軽減済み\n\n---\n\n## 決定\n\n```\nDECISION: FAIL_PHASE_5\n\nFAILED_PHASE: test_implementation\n\nISSUES:\n1. テストコードのAPI不整合: 36ケース（66.7%）がコンパイルエラーで実行不可\n   - 期待API: mockGitHubClient.getIssueClient().listAllIssues()\n   - 実装API: githubClient.listAllIssues()\n   - 影響ファイル: issue-deduplicator.test.ts, issue-generator.test.ts, auto-issue.test.ts, auto-issue-flow.test.ts\n\n2. TypeScriptコンパイルチェックの欠如: テストコード実装時にコンパイルエラーが検出されなかった\n\n3. 実装コードの確認不足: 実装ログの記載のみを信じて、実際のコードを確認しなかった\n\nREASONING:\nテストコードのAPI不整合は重大なブロッキング問題であり、以下の理由でPhase 5への差し戻しが必要です：\n\n1. **テスト実行率が25.9%**: 54ケース中14ケースのみ成功（RepositoryAnalyzerのみ）\n2. **カバレッジ測定不能**: 目標85%に対して、測定が不可能\n3. **品質保証の欠如**: 実装コードの66.7%がテスト検証されていない状態\n4. **マージリスク**: テスト検証なしでマージすると、将来的なバグのリスクが高い\n\n実装コード自体（Phase 4）は高品質であり、RepositoryAnalyzerのテストは全て成功しています。問題はテストコード実装（Phase 5）にあるため、Phase 5への差し戻しと修正が最適なアプローチです。\n\n修正見積もり: 2〜3時間（テストコードのAPI修正 + TypeScriptコンパイルチェック + テスト再実行）\n\n修正後、Phase 6（テスト実行）で全テストケースが成功すれば、プロジェクトはマージ準備完了となります。\n```\n\n---\n\n## 推奨事項\n\n### 即座のアクション（Phase 5差し戻し後）\n\n1. **テストコードの修正**:\n   - `tests/unit/core/issue-deduplicator.test.ts` のモック設定を修正\n   - `tests/unit/core/issue-generator.test.ts` のモック設定を修正\n   - `tests/unit/commands/auto-issue.test.ts` のモック設定を修正\n   - `tests/integration/auto-issue-flow.test.ts` のモック設定を修正\n\n2. **TypeScriptコンパイルチェック**:\n   - テストコード修正後、`npm run build` または `tsc --noEmit` を実行\n   - コンパイルエラーがないことを確認\n\n3. **Phase 6（テスト実行）の再実行**:\n   - 全テストケース（54ケース）が成功することを確認\n   - カバレッジが85%以上であることを確認\n\n### 将来的な改善（Phase 2/3）\n\n1. **Phase 2（リファクタリング検出）**:\n   - `analyzeForRefactoring()` メソッドの実装\n   - 複雑度検出、コード重複検出、命名規約違反検出\n\n2. **Phase 3（機能拡張提案）**:\n   - `analyzeForEnhancements()` メソッドの実装\n   - 創造的提案モード（`--creative-mode`）の実装\n\n3. **プロセス改善**:\n   - テストコード実装時の実装コード確認を必須化\n   - TypeScriptコンパイルチェックをPhase 5の品質ゲートに追加\n\n---\n\n## まとめ\n\n**プロジェクト全体の評価**: 実装コード自体は非常に高品質で、Phase 1（MVP）のバグ検出機能は設計通りに完成しています。RepositoryAnalyzerのユニットテストは14ケース全て成功し、3つのコアエンジンが適切に実装されています。ドキュメントも包括的で明確です。\n\n**主要な問題**: Phase 5で実装されたテストコードにAPI不整合があり、36ケース（66.7%）がコンパイルエラーで実行不可となっています。これは実装コードの問題ではなく、テストコード実装時の仕様理解不足によるものです。\n\n**推奨アクション**: Phase 5（テストコード実装）への差し戻しと修正が必須です。修正後、Phase 6でテスト実行を再実行し、全テストケースが成功すればマージ準備完了となります。\n\n**見積もり**: テストコード修正に2〜3時間、テスト再実行に1時間、合計3〜4時間で修正完了予定。\n\n---\n\n**評価完了日**: 2025-01-30  \n**評価者**: Claude (AI Project Evaluator)  \n**最終判定**: FAIL_PHASE_5 - テストコード実装に差し戻し、API不整合の修正が必須\n\n\n---\n\n**経過時間**: 157824ms\n**開始**: 2025-11-03T13:19:49.408Z\n**終了**: 2025-11-03T13:22:27.232Z",
      "triggered_by": "manual",
      "review_result_path": ".ai-workflow/issue-121/09_evaluation/output/evaluation_report.md"
    },
    {
      "timestamp": "2025-11-15T13:25:37.158Z",
      "from_phase": null,
      "from_step": null,
      "to_phase": "implementation",
      "to_step": "revise",
      "reason": "# Evaluation Report - Issue #121\n\n**Issue Number**: #121\n**Title**: AIエージェントによる自動Issue作成機能の実装\n**Evaluation Date**: 2025-01-30\n**Evaluator**: AI Workflow Agent (Claude)\n\n---\n\n## Executive Summary\n\nIssue #121 implements an `auto-issue` command that automatically analyzes repository code to detect potential bugs and creates GitHub Issues. The **implementation code is high quality** with 14/14 RepositoryAnalyzer tests passing, demonstrating correct bug detection logic, proper error handling, and clean architecture. However, **72% of test cases (36/50) are unexecutable** due to API inconsistency between test code and implementation code. The test implementation (Phase 5) must be corrected before this project can be merged.\n\n**Recommendation**: **FAIL_PHASE_5** - Rollback to test implementation phase to fix API mismatch in test code.\n\n---\n\n## Criterion Evaluation\n\n### 1. Requirements Completeness ✅\n\n**Status**: SATISFACTORY\n\n**Assessment**:\n- All functional requirements FR-001 through FR-007 from Phase 1 are addressed\n- Phase 1 (MVP) scope is clearly defined: bug detection only (3 patterns)\n- Phase 2/3 (refactoring, enhancement) are properly scoped as future work\n- No critical requirements are missing or incomplete\n\n**Evidence**:\n- Requirements document (lines 64-345) defines comprehensive functional requirements\n- Implementation log confirms all Phase 1 features implemented (lines 656-683)\n- Design document (lines 151-165) explicitly acknowledges CREATE strategy for new functionality\n\n**Issues**: None\n\n---\n\n### 2. Design Quality ⚠️\n\n**Status**: MOSTLY SATISFACTORY with minor issues\n\n**Strengths**:\n1. **Clear Architecture**: 3-engine design (RepositoryAnalyzer, IssueDeduplicator, IssueGenerator) with well-defined responsibilities\n2. **Justified Strategy**: CREATE strategy appropriately chosen for independent new functionality\n3. **Type Safety**: Comprehensive type definitions in types.ts (+70 lines)\n4. **Pattern Adherence**: Proper facade pattern for GitHubClient integration\n\n**Issues Identified**:\n\n**Issue 2.1: Implementation Log Inconsistency (CRITICAL - now fixed)**\n- **Severity**: Critical (caused 36 test failures)\n- **Description**: Implementation log Section 6 originally titled \"IssueClient の拡張\" but actual implementation added facade methods to GitHubClient, not IssueClient\n- **Impact**: Test implementer (Phase 5) followed implementation log and expected `getIssueClient()` method that doesn't exist\n- **Status**: Fixed in implementation.md revision (lines 886-904)\n- **Evidence**:\n  - Test result document lines 218-233 identify API mismatch\n  - Implementation log lines 334-377 show actual facade pattern implementation\n\n**Issue 2.2: Design-Implementation Ambiguity**\n- **Severity**: Medium\n- **Description**: Design document doesn't explicitly specify whether `getIssueClient()` should exist on GitHubClient or if facade methods should be added directly\n- **Impact**: Ambiguity allowed implementation log inconsistency to propagate through Phase 5\n- **Evidence**: Design document lines 224-228 mention adding methods but don't clarify facade vs. delegation pattern\n\n**Overall Assessment**: Design is fundamentally sound, but documentation inconsistency caused downstream test implementation failures.\n\n---\n\n### 3. Test Coverage ❌\n\n**Status**: INADEQUATE\n\n**Coverage Statistics**:\n- **Unit Tests Written**: 45 test cases\n- **Integration Tests Written**: 5 test cases\n- **Total Tests**: 50 test cases\n- **Passing Tests**: 14 (28.0%)\n- **Failing Tests**: 0\n- **Not Executable**: 36 (72.0%)\n\n**Detailed Breakdown**:\n\n| Component | Total Tests | Passing | Not Executable | Coverage % |\n|-----------|------------|---------|----------------|------------|\n| RepositoryAnalyzer | 14 | 14 | 0 | 100% ✅ |\n| IssueDeduplicator | 12 | 0 | 12 | 0% ❌ |\n| IssueGenerator | 8 | 0 | 8 | 0% ❌ |\n| AutoIssueCommandHandler | 11 | 0 | 11 | 0% ❌ |\n| Integration Tests | 5 | 0 | 5 | 0% ❌ |\n\n**Critical Issues**:\n\n**Issue 3.1: 36 Test Cases Unexecutable (72% of total)**\n- **Severity**: CRITICAL\n- **Root Cause**: API inconsistency between test code and implementation\n  - Test code expects: `mockGitHubClient.getIssueClient().listAllIssues()`\n  - Implementation provides: `mockGitHubClient.listAllIssues()`\n- **Impact**: Cannot verify functionality of 3 out of 4 core components\n- **Evidence**:\n  - Test result document lines 72-122 show only RepositoryAnalyzer tests passed\n  - Test result document lines 214-233 explain API mismatch\n  - Report document lines 366-376 confirm 28.0% success rate\n\n**Issue 3.2: Zero Verification for Critical Components**\n- **Severity**: CRITICAL\n- **Affected Components**:\n  - IssueDeduplicator: 0% verified (2-stage deduplication algorithm unverified)\n  - IssueGenerator: 0% verified (AI generation, SecretMasker integration unverified)\n  - CLI Handler: 0% verified (option validation, dry-run mode unverified)\n  - Integration: 0% verified (end-to-end flow unverified)\n- **Impact**: Quality assurance is incomplete; regression bugs cannot be detected\n\n**Issue 3.3: Test Strategy Violation**\n- **Severity**: HIGH\n- **Description**: Phase 2 design specified UNIT_INTEGRATION strategy with 85% coverage goal, but only 28% of tests execute\n- **Evidence**: Design document lines 170-189 define test strategy\n\n**Overall Assessment**: Test coverage is critically inadequate due to unexecutable tests, not lack of test cases.\n\n---\n\n### 4. Implementation Quality ✅\n\n**Status**: HIGH QUALITY (for completed Phase 1 code)\n\n**Strengths**:\n\n1. **Type Safety**:\n   - TypeScript strict mode compliance\n   - No use of `any` type in implementation code\n   - Comprehensive type definitions\n\n2. **Error Handling**:\n   - All async functions wrapped in try-catch blocks\n   - Proper error propagation and logging\n   - Fallback mechanisms (e.g., template-based Issue generation when LLM fails)\n\n3. **Architecture**:\n   - Clean separation of concerns (3 independent engines)\n   - Facade pattern correctly applied to GitHubClient\n   - Proper reuse of existing patterns (Config, Logger, SecretMasker)\n\n4. **Code Quality**:\n   - Comprehensive JSDoc comments on all public methods\n   - Consistent code style following existing patterns\n   - No obvious bugs or anti-patterns\n\n5. **Test-Verified Functionality**:\n   - RepositoryAnalyzer: 14/14 tests passing (100% verification)\n   - Bug detection patterns working correctly:\n     - Error handling detection (async without try-catch)\n     - Type safety issues (any type usage)\n     - Resource leaks (unclosed streams)\n   - Edge cases handled (empty projects, no issues detected)\n\n**Evidence**:\n- Implementation log lines 588-654 confirm all 5 quality gates passed\n- Test result document lines 42-68 show RepositoryAnalyzer tests passing\n- Test result document lines 380-390 confirm implementation quality\n\n**Minor Issues (all fixed during Phase 6)**:\n- `ArrowFunction.getName()` type error (fixed in repository-analyzer.ts)\n- Dependency version mismatch (`cosine-similarity` ^1.1.0 → ^1.0.1)\n- Missing GitHubClient facade methods (added during Phase 6)\n\n**Overall Assessment**: Implementation code is production-ready quality.\n\n---\n\n### 5. Test Implementation Quality ❌\n\n**Status**: CRITICAL ISSUES\n\n**Problems**:\n\n**Issue 5.1: API Mismatch (66.7% of tests affected)**\n- **Severity**: CRITICAL\n- **Description**: Test code expects `mockGitHubClient.getIssueClient()` method that doesn't exist in actual implementation\n- **Affected Files**:\n  - `tests/unit/core/issue-deduplicator.test.ts` (5 locations)\n  - `tests/unit/core/issue-generator.test.ts` (9 locations)\n  - `tests/unit/commands/auto-issue.test.ts` (multiple locations)\n  - `tests/integration/auto-issue-flow.test.ts` (multiple locations)\n- **Root Cause**: Test implementer relied on implementation log (Phase 4) without verifying actual source code\n- **Evidence**: Test result document lines 218-233, 250-265\n\n**Issue 5.2: No Compilation Verification**\n- **Severity**: HIGH\n- **Description**: Phase 5 did not run TypeScript compiler to verify test code compiles\n- **Impact**: 36 compilation errors went undetected until Phase 6 test execution\n- **Process Violation**: Phase 5 quality gate states \"テストコードが実行可能である\" but this was not verified\n\n**Issue 5.3: Insufficient Code Review**\n- **Severity**: MEDIUM\n- **Description**: Test implementation did not examine actual implementation files:\n  - `src/core/github-client.ts` - to verify API structure\n  - `src/core/issue-deduplicator.ts` - to verify how GitHubClient is called\n  - `src/core/issue-generator.ts` - to verify how GitHubClient is called\n- **Impact**: API expectations in tests don't match reality\n\n**Issue 5.4: Phase 5 Review Not Comprehensive**\n- **Severity**: MEDIUM\n- **Description**: Phase 5 review identified some issues (Jest matcher, GitHubClient mock) but didn't catch fundamental API mismatch\n- **Evidence**: Test implementation log lines 156-231 show partial fixes\n\n**Strengths**:\n- Test structure is correct (Given-When-Then comments, clear test case names)\n- Test coverage plan is comprehensive (50 test cases for all components)\n- RepositoryAnalyzer tests work perfectly (14/14 passing) when correctly implemented\n\n**Overall Assessment**: Test code is structurally sound but has critical implementation errors preventing execution.\n\n---\n\n### 6. Documentation Quality ✅\n\n**Status**: EXCELLENT\n\n**Comprehensive Updates**:\n\n1. **README.md** (✅ Already complete)\n   - Lines 638-735 contain comprehensive auto-issue documentation (98 lines)\n   - Usage examples, options, execution examples, environment variables all documented\n   - Phase 1 limitations clearly stated\n   - No update needed\n\n2. **CHANGELOG.md** (✅ Already complete)\n   - Lines 11-19 contain Issue #121 entry in [Unreleased] section\n   - Accurate description of new features, dependencies, and scope\n   - No update needed\n\n3. **ARCHITECTURE.md** (⭐ Updated)\n   - **Fixed**: File paths corrected (`src/engines/` → `src/core/`)\n   - **Fixed**: Method names corrected (`analyzeBugs()` → `analyzeForBugs()`)\n   - **Enhanced**: Implementation details added (detection patterns, thresholds, caching)\n   - **Enhanced**: Module list updated with accurate line counts\n   - Changes: 2 sections, ~40 lines modified\n\n4. **CLAUDE.md** (⭐ Updated)\n   - **Added**: New section \"自動Issue作成\" (lines 163-211, 49 lines)\n   - **Added**: Core modules expanded to include 4 new files\n   - **Content**: CLI examples, options, environment variables, engine descriptions\n   - Changes: 2 sections, ~53 lines added\n\n5. **TROUBLESHOOTING.md** (✅ Already complete)\n   - Lines 595-711 contain comprehensive auto-issue troubleshooting (117 lines)\n   - Common errors, resolution steps, detection accuracy tuning\n   - No update needed\n\n**Evidence**:\n- Documentation log lines 45-143 detail all updates\n- Documentation log lines 149-248 explain why certain docs don't need updates\n- All documentation is accurate and aligned with implementation\n\n**Overall Assessment**: Documentation is production-ready and comprehensive.\n\n---\n\n### 7. Overall Workflow Consistency ⚠️\n\n**Status**: INCONSISTENT\n\n**Consistency Issues**:\n\n**Issue 7.1: Phase 4 → Phase 5 Disconnect**\n- **Severity**: HIGH\n- **Description**: Implementation log (Phase 4) described API structure incorrectly, causing Phase 5 test code to implement wrong API expectations\n- **Specific Problem**: Implementation log Section 6 titled \"IssueClient の拡張\" implied methods added to IssueClient, but actual implementation added facade methods to GitHubClient\n- **Impact**: No verification step caught this until Phase 6 test execution\n- **Evidence**:\n  - Implementation log lines 334-377 (before revision) vs. actual code\n  - Test result document lines 250-265 root cause analysis\n\n**Issue 7.2: Phase 5 Output Not Validated**\n- **Severity**: HIGH\n- **Description**: Phase 5 completed without running TypeScript compiler or test suite\n- **Impact**: 72% of tests were unexecutable, but this wasn't detected until Phase 6\n- **Process Gap**: Quality gates state tests should be executable but this wasn't verified\n\n**Issue 7.3: Phase 6 Revealed Fundamental Problem**\n- **Severity**: HIGH\n- **Description**: Test execution (Phase 6) revealed that implementation and test code are incompatible\n- **Discovery Timing**: Should have been caught in Phase 5 with compilation check\n- **Evidence**: Test result document lines 1-8 classify as \"部分的成功（実装の問題を検出）\"\n\n**Strengths**:\n\n**Positive 7.1: Phase 8 Correctly Identifies Issues**\n- Report accurately diagnoses problems\n- Recommends appropriate rollback to Phase 5\n- Proposes clear fix path with time estimates (3-4 hours)\n- Evidence: Report document lines 42-54, 551-601\n\n**Positive 7.2: Phase 1-3 Consistency**\n- Requirements → Design → Test Scenarios are well-aligned\n- All three phases reference same 3-engine architecture\n- Test scenarios correctly derive from requirements\n\n**Positive 7.3: Implementation Follows Design**\n- Phase 4 implementation correctly implements Phase 2 design\n- RepositoryAnalyzer verified to work as designed (14/14 tests)\n- Architecture matches design specifications\n\n**Overall Assessment**: Workflow has a critical break in consistency between Phase 4 implementation log and Phase 5 test implementation.\n\n---\n\n## Summary of Issues by Severity\n\n### CRITICAL (Blockers)\n\n1. **36/50 Test Cases Unexecutable (72%)** [Criterion 3, 5]\n   - API mismatch between test code and implementation\n   - Affects: IssueDeduplicator, IssueGenerator, CLI handler, integration tests\n   - Required fix: Update test code to match actual GitHubClient API\n\n2. **Zero Verification for Core Components** [Criterion 3]\n   - IssueDeduplicator: 0% verified\n   - IssueGenerator: 0% verified\n   - CLI Handler: 0% verified\n   - Integration: 0% verified\n   - Required fix: Make tests executable and pass\n\n3. **Phase 5 Quality Gate Violation** [Criterion 5]\n   - Quality gate: \"テストコードが実行可能である\"\n   - Reality: 72% of tests have compilation errors\n   - Required fix: TypeScript compilation verification\n\n### HIGH (Important but not critical)\n\n4. **Implementation Log Inaccuracy** [Criterion 2, 7]\n   - Status: Now fixed in implementation.md revision\n   - Originally caused downstream test failures\n   - Future impact: None (corrected)\n\n5. **Phase 4→5 Consistency Break** [Criterion 7]\n   - Implementation log misled test implementer\n   - No verification step caught this\n   - Required fix: Correct test code based on actual source\n\n### MEDIUM (Should fix but not urgent)\n\n6. **Design-Implementation Ambiguity** [Criterion 2]\n   - Design doesn't explicitly specify API structure\n   - Led to implementation log confusion\n   - Future impact: Low (implementation is now documented correctly)\n\n7. **Phase 5 Review Incomplete** [Criterion 5]\n   - Caught some issues but not API mismatch\n   - Future impact: Process improvement needed\n\n### LOW (Minor)\n\nNone identified that require fixing before merge.\n\n---\n\n## Decision\n\n**DECISION: FAIL_PHASE_5**\n\n**FAILED_PHASE:** test_implementation\n\n### ISSUES:\n\n1. **Critical API Mismatch (36/50 tests unexecutable):** Test code expects `mockGitHubClient.getIssueClient()` API that doesn't exist in implementation. Tests use incorrect API structure based on ambiguous implementation log (Phase 4 Section 6 \"IssueClient の拡張\").\n\n2. **No Compilation Verification:** Phase 5 did not run TypeScript compiler to verify test code compiles successfully. This allowed 36 compilation errors to go undetected until Phase 6 test execution.\n\n3. **Insufficient Implementation Verification:** Test implementer relied solely on implementation log without examining actual source code (`src/core/github-client.ts`, `src/core/issue-deduplicator.ts`, `src/core/issue-generator.ts`) to verify API structure.\n\n4. **Quality Gate Violation:** Phase 5 quality gates state \"✅ テストコードが実行可能である\" (test code must be executable), but 72% of tests are not executable due to compilation errors caused by API mismatch.\n\n5. **Zero Verification for Critical Components:** IssueDeduplicator (2-stage deduplication), IssueGenerator (AI generation, SecretMasker), and CLI handler (option validation, dry-run) have 0% test verification, violating UNIT_INTEGRATION test strategy defined in Phase 2 design.\n\n### REASONING:\n\nWhile the **actual implementation code is high quality** (evidenced by 14/14 RepositoryAnalyzer tests passing with proper bug detection, error handling, and type safety), the **test implementation has fundamental flaws** that prevent verification of 72% of the functionality:\n\n#### 1. Quality Assurance Incomplete\n\nWithout working tests for IssueDeduplicator, IssueGenerator, and CLI handler, we cannot verify these components work correctly. This violates the UNIT_INTEGRATION test strategy defined in Phase 2 (design.md lines 170-189), which requires:\n- Unit test coverage: 85%+\n- Integration test coverage: 6 main scenarios\n- Current reality: 28% of tests executable, 0% coverage for 3/4 components\n\n#### 2. Blocker for Merge\n\nThe Phase 8 report correctly identifies this as a blocker (report.md lines 42-54), stating \"⚠️ 条件付き推奨\" with the condition being:\n\n> Phase 5（テストコード実装）に差し戻し、テストコードのAPI不整合を修正すること\n\nThis conditional merge approval acknowledges that **implementation is good** but **tests must be fixed first**.\n\n#### 3. Fixable Within Phase 5 Scope\n\nThe issues are confined to test code implementation and can be fixed by:\n\n**Required Changes** (estimated 2-3 hours):\n- Update `tests/unit/core/issue-deduplicator.test.ts` (5 locations)\n  - Change: `mockGitHubClient.getIssueClient().listAllIssues()`\n  - To: `mockGitHubClient.listAllIssues()`\n- Update `tests/unit/core/issue-generator.test.ts` (9 locations)\n  - Change: `mockGitHubClient.getIssueClient().createIssue()`\n  - To: `mockGitHubClient.createIssue()`\n- Update `tests/unit/commands/auto-issue.test.ts` (investigate mock setup)\n- Update `tests/integration/auto-issue-flow.test.ts` (investigate mock setup)\n\n**Verification Steps** (estimated 1-1.5 hours):\n- Run `npm install` to install dependencies (ts-morph, cosine-similarity)\n- Run TypeScript compiler: `npx tsc --noEmit` to verify no compilation errors\n- Execute test suite: `npm test` to confirm 50/50 tests pass\n- Verify coverage: `npm run test:coverage` to confirm 85%+ coverage\n\n#### 4. Root Cause is Correctable Process Issue\n\nThe fundamental problem is:\n- **Phase 4** (implementation.md Section 6) described API ambiguously\n- **Phase 5** didn't verify output against actual source code\n- **Phase 5** didn't run TypeScript compiler to catch errors\n\nThis is a **process issue**, not a fundamental design flaw. The solution is:\n1. Fix test code to match actual implementation (2-3 hours)\n2. Add compilation verification to Phase 5 process (30 minutes)\n3. Ensure Phase 5 reviews actual source code, not just logs (process improvement)\n\n#### 5. Implementation Quality is Proven\n\nThe 14/14 RepositoryAnalyzer tests passing demonstrates that **when tests are correctly written, they validate high-quality implementation code**. We need the same verification for IssueDeduplicator, IssueGenerator, and CLI handler.\n\nTest results show:\n```\nPASS tests/unit/core/repository-analyzer.test.ts (12.416 s)\n  ✓ 非同期関数でtry-catchが使用されていない箇所を検出する (510 ms)\n  ✓ 適切にtry-catchが実装されている非同期関数は検出されない (348 ms)\n  ✓ async アロー関数のエラーハンドリング欠如を検出する (330 ms)\n  ... [14/14 tests passing]\n```\n\nThis proves:\n- Implementation logic is correct\n- Error handling works as designed\n- Edge cases are handled properly\n- Type safety is maintained\n\nWe need this same level of verification for the other 72% of functionality.\n\n#### 6. Dependencies Not Installed (Minor Blocker)\n\nTest result document (lines 427-522) shows:\n```\nerror TS2307: Cannot find module 'ts-morph' or its corresponding type declarations.\n```\n\nThis is easily fixed with `npm install`, but it's a prerequisite for running tests.\n\n### ESTIMATED FIX TIME:\n\nBased on Phase 8 report analysis (report.md lines 811-814):\n\n- Test code modification: 2-3 hours\n- Compilation verification: 30 minutes\n- Test execution and coverage verification: 1 hour\n- **Total: 3.5-4.5 hours**\n\n### NEXT STEPS:\n\n1. **Rollback to Phase 5** using AI workflow rollback command:\n   ```bash\n   ai-workflow rollback \\\n     --issue 121 \\\n     --to-phase test-implementation \\\n     --reason \"テストコードのAPI不整合。実装コードのAPIとテストコードが不一致。36件のテストケースが実行不可。\"\n   ```\n\n2. **Install Dependencies:**\n   ```bash\n   npm install\n   ```\n\n3. **Fix Test Files:**\n   - Examine actual source code in `src/core/github-client.ts` to understand API\n   - Update all test files to use correct API: `mockGitHubClient.listAllIssues()` directly\n   - Remove all references to non-existent `getIssueClient()` method\n\n4. **Verify Compilation:**\n   ```bash\n   npx tsc --noEmit\n   ```\n\n5. **Run Tests:**\n   ```bash\n   npm run test:unit -- tests/unit/core/repository-analyzer.test.ts\n   npm run test:unit -- tests/unit/core/issue-deduplicator.test.ts\n   npm run test:unit -- tests/unit/core/issue-generator.test.ts\n   npm run test:unit -- tests/unit/commands/auto-issue.test.ts\n   npm run test:integration -- tests/integration/auto-issue-flow.test.ts\n   ```\n   **Success Criteria:** 50/50 tests pass\n\n6. **Verify Coverage:**\n   ```bash\n   npm run test:coverage\n   ```\n   **Success Criteria:** 85%+ coverage\n\n7. **Re-run Phase 6** (Testing) with corrected tests\n\n8. **Update Phase 8** (Report) to reflect:\n   - Test success rate: 100% (50/50)\n   - Coverage: 85%+\n   - Merge recommendation: ✅ PASS (remove conditions)\n\n---\n\n## Positive Highlights\n\nDespite the test implementation issues, this project has significant strengths:\n\n### 1. High-Quality Implementation Code ✅\n\n- TypeScript strict mode compliance with zero `any` types\n- Comprehensive error handling with try-catch blocks\n- Clean 3-engine architecture with proper separation of concerns\n- Proven functionality: 14/14 RepositoryAnalyzer tests passing\n- Smart algorithm design: 2-stage deduplication (cosine similarity 0.6 → LLM 0.8)\n- Security: SecretMasker integration for API key protection\n\n### 2. Excellent Documentation ✅\n\n- README.md: 98 lines of comprehensive auto-issue docs\n- TROUBLESHOOTING.md: 117 lines of error resolution guidance\n- ARCHITECTURE.md: Updated with accurate file paths and method names\n- CLAUDE.md: New section with usage examples and engine descriptions\n- CHANGELOG.md: Complete Issue #121 entry\n\n### 3. Well-Designed Architecture ✅\n\n- CREATE strategy appropriately chosen for independent new functionality\n- Facade pattern correctly applied to GitHubClient\n- Proper reuse of existing patterns (Config, Logger, SecretMasker)\n- Phase 2/3 extension points clearly identified for future work\n\n### 4. Comprehensive Test Plan ✅\n\n- 50 test cases covering all components (structure is correct)\n- Given-When-Then comments for clarity\n- Edge cases included (empty projects, error conditions)\n- Integration tests for end-to-end flows\n\n### 5. Transparent Reporting ✅\n\n- Phase 8 report honestly identifies problems\n- Recommends appropriate rollback with clear reasoning\n- Provides specific fix instructions with time estimates\n- Acknowledges both strengths and weaknesses\n\n---\n\n## Recommendations\n\n### Immediate (Before Merge)\n\n1. **Fix Phase 5 Test Code** (CRITICAL - 3-4 hours)\n   - Update all test files to match actual GitHubClient API\n   - Run TypeScript compiler to verify no errors\n   - Execute test suite to confirm 50/50 passing\n   - Verify 85%+ coverage\n\n2. **Install Dependencies** (REQUIRED - 5 minutes)\n   - Run `npm install` to get ts-morph and cosine-similarity\n\n3. **Re-run Phase 6 Testing** (REQUIRED - 1 hour)\n   - Execute all tests with corrected test code\n   - Document 100% success rate\n\n### Short-Term (Post-Merge)\n\n4. **Monitor in Production** (1 week)\n   - Use `--dry-run` mode initially\n   - Review generated Issue quality\n   - Measure false positive rate\n   - Collect developer feedback\n\n5. **Measure LLM Costs** (1 week)\n   - Track OpenAI API usage\n   - Verify `--limit` default of 5 is appropriate\n   - Confirm caching mechanism reduces costs\n\n### Medium-Term (Future Iterations)\n\n6. **Implement Phase 2** (8-12 hours)\n   - Refactoring detection (large files/functions, code duplication, complexity)\n   - Extend test suite with Phase 2 test cases\n\n7. **Implement Phase 3** (12-16 hours)\n   - Enhancement suggestions (existing feature improvements, creative ideas)\n   - Enable `--creative-mode` option\n\n8. **Process Improvements**\n   - Add TypeScript compilation check to Phase 5 quality gates\n   - Require Phase 5 to verify actual source code, not just implementation logs\n   - Consider automated Phase 5→6 validation (compile → test)\n\n---\n\n## Conclusion\n\n**This project demonstrates high-quality implementation work** with a proven, working bug detection engine (RepositoryAnalyzer). The 3-engine architecture is sound, documentation is comprehensive, and the design properly balances immediate value (Phase 1 MVP) with future extensibility (Phase 2/3).\n\n**However, the test implementation (Phase 5) has critical flaws** that prevent verification of 72% of the functionality. This is not a minor issue—without working tests, we cannot ensure IssueDeduplicator, IssueGenerator, and CLI handler work correctly, creating unacceptable regression risk.\n\n**The good news**: This is a fixable problem confined to test code. The implementation itself is proven to be high quality (14/14 RepositoryAnalyzer tests passing). Fixing the test code API mismatch is estimated at 3-4 hours and will complete the verification needed for confident merge.\n\n**Final Recommendation**: **FAIL_PHASE_5** with high confidence that the fix is straightforward and the resulting project will be production-ready.\n\n---\n\n**Evaluation Completed**: 2025-01-30\n**Evaluator**: AI Workflow Agent (Claude)\n**Decision**: FAIL_PHASE_5 (test_implementation)\n**Next Action**: Rollback to Phase 5, fix test code API mismatch, re-run Phase 6 testing",
      "triggered_by": "manual",
      "review_result_path": ".ai-workflow/issue-121/09_evaluation/output/evaluation_report.md"
    }
  ]
}
